<?xml version="1.0" encoding="UTF-8"?>
<!-- Generated by org.testng.reporters.JUnitReportReporter -->
<testsuite skipped="0" hostname="DESKTOP-R2H61RT" name="Java_Stream.MapoperationInString" tests="2" failures="0" timestamp="2023-04-19T09:10:13 IST" time="0.008" errors="0">
  <testcase name="StreamUsingMap" time="0.005" classname="Java_Stream.MapoperationInString"/>
  <system-out/>
  <testcase name="StreamUsingMapwithSortOperation" time="0.003" classname="Java_Stream.MapoperationInString"/>
  <system-out/>
</testsuite> <!-- Java_Stream.MapoperationInString -->
