<?xml version="1.0" encoding="UTF-8"?>
<!-- Generated by org.testng.reporters.JUnitReportReporter -->
<testsuite hostname="DESKTOP-R2H61RT" failures="0" tests="2" name="Java_Stream.sorting" time="0.009" errors="0" timestamp="2023-07-24T14:59:08 IST" skipped="0">
  <testcase classname="Java_Stream.sorting" name="Sorting" time="0.002"/>
  <system-out/>
  <testcase classname="Java_Stream.sorting" name="ConcatStream" time="0.007"/>
  <system-out/>
</testsuite> <!-- Java_Stream.sorting -->
