<?xml version="1.0" encoding="UTF-8"?>
<!-- Generated by org.testng.reporters.JUnitReportReporter -->
<testsuite skipped="0" hostname="DESKTOP-R2H61RT" name="Java_Stream.StreamCollect" tests="1" failures="0" timestamp="2023-04-19T10:04:53 IST" time="0.007" errors="0">
  <testcase name="StreamtoCollection" time="0.007" classname="Java_Stream.StreamCollect"/>
  <system-out/>
</testsuite> <!-- Java_Stream.StreamCollect -->
