<?xml version="1.0" encoding="UTF-8"?>
<!-- Generated by org.testng.reporters.JUnitReportReporter -->
<testsuite hostname="DESKTOP-R2H61RT" failures="0" tests="2" name="stream_New_Practice.SortedArray" time="0.015" errors="0" timestamp="2023-10-23T11:55:42 IST" skipped="0">
  <testcase classname="stream_New_Practice.SortedArray" name="SortedNumbers" time="0.010"/>
  <system-out/>
  <testcase classname="stream_New_Practice.SortedArray" name="findNameinArrayList" time="0.005"/>
  <system-out/>
</testsuite> <!-- stream_New_Practice.SortedArray -->
