<?xml version="1.0" encoding="UTF-8"?>
<!-- Generated by org.testng.reporters.JUnitReportReporter -->
<testsuite skipped="0" hostname="DESKTOP-R2H61RT" name="Java_Stream.MergeStream" tests="1" failures="0" timestamp="2023-04-19T09:47:31 IST" time="0.005" errors="0">
  <testcase name="mergeStream" time="0.005" classname="Java_Stream.MergeStream"/>
  <system-out/>
</testsuite> <!-- Java_Stream.MergeStream -->
