<?xml version="1.0" encoding="UTF-8"?>
<!-- Generated by org.testng.reporters.JUnitReportReporter -->
<testsuite hostname="DESKTOP-R2H61RT" failures="0" tests="2" name="Java_Stream.ShortNameUsingStream" time="0.011" errors="0" timestamp="2023-08-08T13:59:27 IST" skipped="0">
  <testcase classname="Java_Stream.ShortNameUsingStream" name="Streammapper" time="0.009"/>
  <system-out/>
  <testcase classname="Java_Stream.ShortNameUsingStream" name="shortString" time="0.002"/>
  <system-out/>
</testsuite> <!-- Java_Stream.ShortNameUsingStream -->
